<?xml version="1.0" encoding="UTF-8"?>
<!DOCTYPE coverage SYSTEM "http://cobertura.sourceforge.net/xml/coverage-04.dtd">
<coverage line-rate="0.06930693" branch-rate="0" version="" timestamp="1767645131676" lines-covered="336" lines-valid="4848" branches-covered="0" branches-valid="0" complexity="0">
	<sources>
		<source>/usr/lib/go/src</source>
	</sources>
	<packages>
		<package name="github.com/Francesco99975/reviews/cmd/boot" line-rate="0" branch-rate="0" complexity="0">
			<classes>
				<class name="-" filename="github.com/Francesco99975/reviews/cmd/boot/config.go" line-rate="0" branch-rate="0" complexity="0">
					<methods>
						<method name="LoadEnvVariables" signature="" line-rate="0" branch-rate="0" complexity="0">
							<lines>
								<line number="23" hits="0"></line>
								<line number="24" hits="0"></line>
								<line number="25" hits="0"></line>
								<line number="26" hits="0"></line>
								<line number="27" hits="0"></line>
								<line number="29" hits="0"></line>
								<line number="30" hits="0"></line>
								<line number="31" hits="0"></line>
								<line number="32" hits="0"></line>
								<line number="33" hits="0"></line>
								<line number="34" hits="0"></line>
								<line number="35" hits="0"></line>
								<line number="36" hits="0"></line>
								<line number="37" hits="0"></line>
								<line number="38" hits="0"></line>
								<line number="39" hits="0"></line>
								<line number="40" hits="0"></line>
								<line number="42" hits="0"></line>
							</lines>
						</method>
					</methods>
					<lines>
						<line number="23" hits="0"></line>
						<line number="24" hits="0"></line>
						<line number="25" hits="0"></line>
						<line number="26" hits="0"></line>
						<line number="27" hits="0"></line>
						<line number="29" hits="0"></line>
						<line number="30" hits="0"></line>
						<line number="31" hits="0"></line>
						<line number="32" hits="0"></line>
						<line number="33" hits="0"></line>
						<line number="34" hits="0"></line>
						<line number="35" hits="0"></line>
						<line number="36" hits="0"></line>
						<line number="37" hits="0"></line>
						<line number="38" hits="0"></line>
						<line number="39" hits="0"></line>
						<line number="40" hits="0"></line>
						<line number="42" hits="0"></line>
					</lines>
				</class>
			</classes>
		</package>
		<package name="github.com/Francesco99975/reviews/cmd/server" line-rate="0" branch-rate="0" complexity="0">
			<classes>
				<class name="-" filename="github.com/Francesco99975/reviews/cmd/server/main.go" line-rate="0" branch-rate="0" complexity="0">
					<methods>
						<method name="main" signature="" line-rate="0" branch-rate="0" complexity="0">
							<lines>
								<line number="17" hits="0"></line>
								<line number="18" hits="0"></line>
								<line number="19" hits="0"></line>
								<line number="20" hits="0"></line>
								<line number="23" hits="0"></line>
								<line number="24" hits="0"></line>
								<line number="25" hits="0"></line>
								<line number="28" hits="0"></line>
								<line number="29" hits="0"></line>
								<line number="30" hits="0"></line>
								<line number="31" hits="0"></line>
								<line number="32" hits="0"></line>
								<line number="33" hits="0"></line>
								<line number="34" hits="0"></line>
								<line number="35" hits="0"></line>
								<line number="36" hits="0"></line>
								<line number="37" hits="0"></line>
								<line number="38" hits="0"></line>
								<line number="39" hits="0"></line>
								<line number="40" hits="0"></line>
								<line number="41" hits="0"></line>
								<line number="42" hits="0"></line>
								<line number="43" hits="0"></line>
								<line number="44" hits="0"></line>
								<line number="45" hits="0"></line>
								<line number="47" hits="0"></line>
								<line number="48" hits="0"></line>
								<line number="49" hits="0"></line>
								<line number="50" hits="0"></line>
								<line number="51" hits="0"></line>
								<line number="52" hits="0"></line>
								<line number="53" hits="0"></line>
								<line number="54" hits="0"></line>
								<line number="55" hits="0"></line>
								<line number="56" hits="0"></line>
							</lines>
						</method>
					</methods>
					<lines>
						<line number="17" hits="0"></line>
						<line number="18" hits="0"></line>
						<line number="19" hits="0"></line>
						<line number="20" hits="0"></line>
						<line number="23" hits="0"></line>
						<line number="24" hits="0"></line>
						<line number="25" hits="0"></line>
						<line number="28" hits="0"></line>
						<line number="29" hits="0"></line>
						<line number="30" hits="0"></line>
						<line number="31" hits="0"></line>
						<line number="32" hits="0"></line>
						<line number="33" hits="0"></line>
						<line number="34" hits="0"></line>
						<line number="35" hits="0"></line>
						<line number="36" hits="0"></line>
						<line number="37" hits="0"></line>
						<line number="38" hits="0"></line>
						<line number="39" hits="0"></line>
						<line number="40" hits="0"></line>
						<line number="41" hits="0"></line>
						<line number="42" hits="0"></line>
						<line number="43" hits="0"></line>
						<line number="44" hits="0"></line>
						<line number="45" hits="0"></line>
						<line number="47" hits="0"></line>
						<line number="48" hits="0"></line>
						<line number="49" hits="0"></line>
						<line number="50" hits="0"></line>
						<line number="51" hits="0"></line>
						<line number="52" hits="0"></line>
						<line number="53" hits="0"></line>
						<line number="54" hits="0"></line>
						<line number="55" hits="0"></line>
						<line number="56" hits="0"></line>
					</lines>
				</class>
				<class name="-" filename="github.com/Francesco99975/reviews/cmd/server/router.go" line-rate="0" branch-rate="0" complexity="0">
					<methods>
						<method name="createRouter" signature="" line-rate="0" branch-rate="0" complexity="0">
							<lines>
								<line number="27" hits="0"></line>
								<line number="28" hits="0"></line>
								<line number="29" hits="0"></line>
								<line number="30" hits="0"></line>
								<line number="31" hits="0"></line>
								<line number="32" hits="0"></line>
								<line number="33" hits="0"></line>
								<line number="34" hits="0"></line>
								<line number="35" hits="0"></line>
								<line number="36" hits="0"></line>
								<line number="37" hits="0"></line>
								<line number="39" hits="0"></line>
								<line number="40" hits="0"></line>
								<line number="41" hits="0"></line>
								<line number="42" hits="0"></line>
								<line number="43" hits="0"></line>
								<line number="44" hits="0"></line>
								<line number="45" hits="0"></line>
								<line number="46" hits="0"></line>
								<line number="47" hits="0"></line>
								<line number="48" hits="0"></line>
								<line number="50" hits="0"></line>
								<line number="51" hits="0"></line>
								<line number="52" hits="0"></line>
								<line number="53" hits="0"></line>
								<line number="54" hits="0"></line>
								<line number="56" hits="0"></line>
								<line number="57" hits="0"></line>
								<line number="58" hits="0"></line>
								<line number="59" hits="0"></line>
								<line number="60" hits="0"></line>
								<line number="62" hits="0"></line>
								<line number="63" hits="0"></line>
								<line number="64" hits="0"></line>
								<line number="65" hits="0"></line>
								<line number="66" hits="0"></line>
								<line number="67" hits="0"></line>
								<line number="68" hits="0"></line>
								<line number="69" hits="0"></line>
								<line number="70" hits="0"></line>
								<line number="72" hits="0"></line>
								<line number="73" hits="0"></line>
								<line number="74" hits="0"></line>
								<line number="75" hits="0"></line>
								<line number="76" hits="0"></line>
								<line number="78" hits="0"></line>
								<line number="79" hits="0"></line>
								<line number="80" hits="0"></line>
								<line number="81" hits="0"></line>
								<line number="82" hits="0"></line>
								<line number="83" hits="0"></line>
								<line number="84" hits="0"></line>
								<line number="85" hits="0"></line>
								<line number="86" hits="0"></line>
								<line number="87" hits="0"></line>
								<line number="88" hits="0"></line>
								<line number="89" hits="0"></line>
								<line number="92" hits="0"></line>
								<line number="93" hits="0"></line>
								<line number="94" hits="0"></line>
								<line number="95" hits="0"></line>
								<line number="96" hits="0"></line>
								<line number="97" hits="0"></line>
								<line number="98" hits="0"></line>
								<line number="99" hits="0"></line>
								<line number="100" hits="0"></line>
								<line number="101" hits="0"></line>
								<line number="102" hits="0"></line>
								<line number="103" hits="0"></line>
							</lines>
						</method>
						<method name="serverErrorHandler" signature="" line-rate="0" branch-rate="0" complexity="0">
							<lines>
								<line number="106" hits="0"></line>
								<line number="107" hits="0"></line>
								<line number="108" hits="0"></line>
								<line number="109" hits="0"></line>
								<line number="110" hits="0"></line>
								<line number="111" hits="0"></line>
								<line number="112" hits="0"></line>
								<line number="113" hits="0"></line>
								<line number="114" hits="0"></line>
								<line number="115" hits="0"></line>
								<line number="118" hits="0"></line>
								<line number="119" hits="0"></line>
								<line number="120" hits="0"></line>
								<line number="121" hits="0"></line>
								<line number="122" hits="0"></line>
								<line number="123" hits="0"></line>
								<line number="124" hits="0"></line>
								<line number="125" hits="0"></line>
								<line number="126" hits="0"></line>
								<line number="127" hits="0"></line>
								<line number="128" hits="0"></line>
								<line number="130" hits="0"></line>
								<line number="131" hits="0"></line>
								<line number="132" hits="0"></line>
								<line number="133" hits="0"></line>
								<line number="134" hits="0"></line>
								<line number="135" hits="0"></line>
							</lines>
						</method>
					</methods>
					<lines>
						<line number="27" hits="0"></line>
						<line number="28" hits="0"></line>
						<line number="29" hits="0"></line>
						<line number="30" hits="0"></line>
						<line number="31" hits="0"></line>
						<line number="32" hits="0"></line>
						<line number="33" hits="0"></line>
						<line number="34" hits="0"></line>
						<line number="35" hits="0"></line>
						<line number="36" hits="0"></line>
						<line number="37" hits="0"></line>
						<line number="39" hits="0"></line>
						<line number="40" hits="0"></line>
						<line number="41" hits="0"></line>
						<line number="42" hits="0"></line>
						<line number="43" hits="0"></line>
						<line number="44" hits="0"></line>
						<line number="45" hits="0"></line>
						<line number="46" hits="0"></line>
						<line number="47" hits="0"></line>
						<line number="48" hits="0"></line>
						<line number="50" hits="0"></line>
						<line number="51" hits="0"></line>
						<line number="52" hits="0"></line>
						<line number="53" hits="0"></line>
						<line number="54" hits="0"></line>
						<line number="56" hits="0"></line>
						<line number="57" hits="0"></line>
						<line number="58" hits="0"></line>
						<line number="59" hits="0"></line>
						<line number="60" hits="0"></line>
						<line number="62" hits="0"></line>
						<line number="63" hits="0"></line>
						<line number="64" hits="0"></line>
						<line number="65" hits="0"></line>
						<line number="66" hits="0"></line>
						<line number="67" hits="0"></line>
						<line number="68" hits="0"></line>
						<line number="69" hits="0"></line>
						<line number="70" hits="0"></line>
						<line number="72" hits="0"></line>
						<line number="73" hits="0"></line>
						<line number="74" hits="0"></line>
						<line number="75" hits="0"></line>
						<line number="76" hits="0"></line>
						<line number="78" hits="0"></line>
						<line number="79" hits="0"></line>
						<line number="80" hits="0"></line>
						<line number="81" hits="0"></line>
						<line number="82" hits="0"></line>
						<line number="83" hits="0"></line>
						<line number="84" hits="0"></line>
						<line number="85" hits="0"></line>
						<line number="86" hits="0"></line>
						<line number="87" hits="0"></line>
						<line number="88" hits="0"></line>
						<line number="89" hits="0"></line>
						<line number="92" hits="0"></line>
						<line number="93" hits="0"></line>
						<line number="94" hits="0"></line>
						<line number="95" hits="0"></line>
						<line number="96" hits="0"></line>
						<line number="97" hits="0"></line>
						<line number="98" hits="0"></line>
						<line number="99" hits="0"></line>
						<line number="100" hits="0"></line>
						<line number="101" hits="0"></line>
						<line number="102" hits="0"></line>
						<line number="103" hits="0"></line>
						<line number="106" hits="0"></line>
						<line number="107" hits="0"></line>
						<line number="108" hits="0"></line>
						<line number="109" hits="0"></line>
						<line number="110" hits="0"></line>
						<line number="111" hits="0"></line>
						<line number="112" hits="0"></line>
						<line number="113" hits="0"></line>
						<line number="114" hits="0"></line>
						<line number="115" hits="0"></line>
						<line number="118" hits="0"></line>
						<line number="119" hits="0"></line>
						<line number="120" hits="0"></line>
						<line number="121" hits="0"></line>
						<line number="122" hits="0"></line>
						<line number="123" hits="0"></line>
						<line number="124" hits="0"></line>
						<line number="125" hits="0"></line>
						<line number="126" hits="0"></line>
						<line number="127" hits="0"></line>
						<line number="128" hits="0"></line>
						<line number="130" hits="0"></line>
						<line number="131" hits="0"></line>
						<line number="132" hits="0"></line>
						<line number="133" hits="0"></line>
						<line number="134" hits="0"></line>
						<line number="135" hits="0"></line>
					</lines>
				</class>
			</classes>
		</package>
		<package name="github.com/Francesco99975/reviews/internal/controllers" line-rate="0" branch-rate="0" complexity="0">
			<classes>
				<class name="-" filename="github.com/Francesco99975/reviews/internal/controllers/index.go" line-rate="0" branch-rate="0" complexity="0">
					<methods>
						<method name="Index" signature="" line-rate="0" branch-rate="0" complexity="0">
							<lines>
								<line number="15" hits="0"></line>
								<line number="16" hits="0"></line>
								<line number="17" hits="0"></line>
								<line number="18" hits="0"></line>
								<line number="19" hits="0"></line>
								<line number="20" hits="0"></line>
								<line number="21" hits="0"></line>
								<line number="22" hits="0"></line>
								<line number="23" hits="0"></line>
								<line number="24" hits="0"></line>
								<line number="25" hits="0"></line>
								<line number="26" hits="0"></line>
								<line number="27" hits="0"></line>
								<line number="28" hits="0"></line>
								<line number="29" hits="0"></line>
								<line number="30" hits="0"></line>
								<line number="31" hits="0"></line>
								<line number="32" hits="0"></line>
								<line number="33" hits="0"></line>
								<line number="34" hits="0"></line>
								<line number="35" hits="0"></line>
								<line number="36" hits="0"></line>
								<line number="37" hits="0"></line>
								<line number="38" hits="0"></line>
								<line number="39" hits="0"></line>
								<line number="40" hits="0"></line>
								<line number="41" hits="0"></line>
								<line number="42" hits="0"></line>
								<line number="43" hits="0"></line>
								<line number="44" hits="0"></line>
								<line number="45" hits="0"></line>
								<line number="46" hits="0"></line>
								<line number="47" hits="0"></line>
								<line number="49" hits="0"></line>
								<line number="50" hits="0"></line>
								<line number="51" hits="0"></line>
							</lines>
						</method>
					</methods>
					<lines>
						<line number="15" hits="0"></line>
						<line number="16" hits="0"></line>
						<line number="17" hits="0"></line>
						<line number="18" hits="0"></line>
						<line number="19" hits="0"></line>
						<line number="20" hits="0"></line>
						<line number="21" hits="0"></line>
						<line number="22" hits="0"></line>
						<line number="23" hits="0"></line>
						<line number="24" hits="0"></line>
						<line number="25" hits="0"></line>
						<line number="26" hits="0"></line>
						<line number="27" hits="0"></line>
						<line number="28" hits="0"></line>
						<line number="29" hits="0"></line>
						<line number="30" hits="0"></line>
						<line number="31" hits="0"></line>
						<line number="32" hits="0"></line>
						<line number="33" hits="0"></line>
						<line number="34" hits="0"></line>
						<line number="35" hits="0"></line>
						<line number="36" hits="0"></line>
						<line number="37" hits="0"></line>
						<line number="38" hits="0"></line>
						<line number="39" hits="0"></line>
						<line number="40" hits="0"></line>
						<line number="41" hits="0"></line>
						<line number="42" hits="0"></line>
						<line number="43" hits="0"></line>
						<line number="44" hits="0"></line>
						<line number="45" hits="0"></line>
						<line number="46" hits="0"></line>
						<line number="47" hits="0"></line>
						<line number="49" hits="0"></line>
						<line number="50" hits="0"></line>
						<line number="51" hits="0"></line>
					</lines>
				</class>
				<class name="-" filename="github.com/Francesco99975/reviews/internal/controllers/invoices.go" line-rate="0" branch-rate="0" complexity="0">
					<methods>
						<method name="InvoicesTab" signature="" line-rate="0" branch-rate="0" complexity="0">
							<lines>
								<line number="19" hits="0"></line>
								<line number="20" hits="0"></line>
								<line number="21" hits="0"></line>
								<line number="22" hits="0"></line>
								<line number="23" hits="0"></line>
								<line number="24" hits="0"></line>
								<line number="25" hits="0"></line>
								<line number="26" hits="0"></line>
								<line number="27" hits="0"></line>
								<line number="28" hits="0"></line>
								<line number="29" hits="0"></line>
								<line number="30" hits="0"></line>
								<line number="31" hits="0"></line>
								<line number="32" hits="0"></line>
								<line number="33" hits="0"></line>
								<line number="34" hits="0"></line>
								<line number="35" hits="0"></line>
								<line number="37" hits="0"></line>
								<line number="38" hits="0"></line>
								<line number="39" hits="0"></line>
								<line number="40" hits="0"></line>
								<line number="41" hits="0"></line>
							</lines>
						</method>
						<method name="CreateInvoice" signature="" line-rate="0" branch-rate="0" complexity="0">
							<lines>
								<line number="45" hits="0"></line>
								<line number="46" hits="0"></line>
								<line number="47" hits="0"></line>
								<line number="48" hits="0"></line>
								<line number="49" hits="0"></line>
								<line number="50" hits="0"></line>
								<line number="51" hits="0"></line>
								<line number="52" hits="0"></line>
								<line number="54" hits="0"></line>
								<line number="55" hits="0"></line>
								<line number="56" hits="0"></line>
								<line number="57" hits="0"></line>
								<line number="58" hits="0"></line>
								<line number="59" hits="0"></line>
								<line number="61" hits="0"></line>
								<line number="62" hits="0"></line>
								<line number="63" hits="0"></line>
								<line number="64" hits="0"></line>
								<line number="65" hits="0"></line>
								<line number="66" hits="0"></line>
								<line number="67" hits="0"></line>
								<line number="68" hits="0"></line>
								<line number="69" hits="0"></line>
								<line number="70" hits="0"></line>
								<line number="71" hits="0"></line>
								<line number="72" hits="0"></line>
								<line number="73" hits="0"></line>
								<line number="74" hits="0"></line>
								<line number="75" hits="0"></line>
								<line number="76" hits="0"></line>
								<line number="77" hits="0"></line>
								<line number="79" hits="0"></line>
								<line number="80" hits="0"></line>
								<line number="81" hits="0"></line>
								<line number="82" hits="0"></line>
								<line number="83" hits="0"></line>
								<line number="84" hits="0"></line>
							</lines>
						</method>
						<method name="DeleteInvoice" signature="" line-rate="0" branch-rate="0" complexity="0">
							<lines>
								<line number="89" hits="0"></line>
								<line number="90" hits="0"></line>
								<line number="91" hits="0"></line>
								<line number="92" hits="0"></line>
								<line number="93" hits="0"></line>
								<line number="94" hits="0"></line>
								<line number="95" hits="0"></line>
								<line number="96" hits="0"></line>
								<line number="97" hits="0"></line>
								<line number="98" hits="0"></line>
								<line number="99" hits="0"></line>
								<line number="100" hits="0"></line>
								<line number="101" hits="0"></line>
								<line number="102" hits="0"></line>
								<line number="103" hits="0"></line>
								<line number="104" hits="0"></line>
								<line number="105" hits="0"></line>
								<line number="106" hits="0"></line>
								<line number="107" hits="0"></line>
								<line number="108" hits="0"></line>
								<line number="110" hits="0"></line>
								<line number="111" hits="0"></line>
								<line number="112" hits="0"></line>
								<line number="113" hits="0"></line>
								<line number="115" hits="0"></line>
								<line number="116" hits="0"></line>
								<line number="117" hits="0"></line>
								<line number="118" hits="0"></line>
								<line number="120" hits="0"></line>
								<line number="121" hits="0"></line>
								<line number="122" hits="0"></line>
							</lines>
						</method>
					</methods>
					<lines>
						<line number="19" hits="0"></line>
						<line number="20" hits="0"></line>
						<line number="21" hits="0"></line>
						<line number="22" hits="0"></line>
						<line number="23" hits="0"></line>
						<line number="24" hits="0"></line>
						<line number="25" hits="0"></line>
						<line number="26" hits="0"></line>
						<line number="27" hits="0"></line>
						<line number="28" hits="0"></line>
						<line number="29" hits="0"></line>
						<line number="30" hits="0"></line>
						<line number="31" hits="0"></line>
						<line number="32" hits="0"></line>
						<line number="33" hits="0"></line>
						<line number="34" hits="0"></line>
						<line number="35" hits="0"></line>
						<line number="37" hits="0"></line>
						<line number="38" hits="0"></line>
						<line number="39" hits="0"></line>
						<line number="40" hits="0"></line>
						<line number="41" hits="0"></line>
						<line number="45" hits="0"></line>
						<line number="46" hits="0"></line>
						<line number="47" hits="0"></line>
						<line number="48" hits="0"></line>
						<line number="49" hits="0"></line>
						<line number="50" hits="0"></line>
						<line number="51" hits="0"></line>
						<line number="52" hits="0"></line>
						<line number="54" hits="0"></line>
						<line number="55" hits="0"></line>
						<line number="56" hits="0"></line>
						<line number="57" hits="0"></line>
						<line number="58" hits="0"></line>
						<line number="59" hits="0"></line>
						<line number="61" hits="0"></line>
						<line number="62" hits="0"></line>
						<line number="63" hits="0"></line>
						<line number="64" hits="0"></line>
						<line number="65" hits="0"></line>
						<line number="66" hits="0"></line>
						<line number="67" hits="0"></line>
						<line number="68" hits="0"></line>
						<line number="69" hits="0"></line>
						<line number="70" hits="0"></line>
						<line number="71" hits="0"></line>
						<line number="72" hits="0"></line>
						<line number="73" hits="0"></line>
						<line number="74" hits="0"></line>
						<line number="75" hits="0"></line>
						<line number="76" hits="0"></line>
						<line number="77" hits="0"></line>
						<line number="79" hits="0"></line>
						<line number="80" hits="0"></line>
						<line number="81" hits="0"></line>
						<line number="82" hits="0"></line>
						<line number="83" hits="0"></line>
						<line number="84" hits="0"></line>
						<line number="89" hits="0"></line>
						<line number="90" hits="0"></line>
						<line number="91" hits="0"></line>
						<line number="92" hits="0"></line>
						<line number="93" hits="0"></line>
						<line number="94" hits="0"></line>
						<line number="95" hits="0"></line>
						<line number="96" hits="0"></line>
						<line number="97" hits="0"></line>
						<line number="98" hits="0"></line>
						<line number="99" hits="0"></line>
						<line number="100" hits="0"></line>
						<line number="101" hits="0"></line>
						<line number="102" hits="0"></line>
						<line number="103" hits="0"></line>
						<line number="104" hits="0"></line>
						<line number="105" hits="0"></line>
						<line number="106" hits="0"></line>
						<line number="107" hits="0"></line>
						<line number="108" hits="0"></line>
						<line number="110" hits="0"></line>
						<line number="111" hits="0"></line>
						<line number="112" hits="0"></line>
						<line number="113" hits="0"></line>
						<line number="115" hits="0"></line>
						<line number="116" hits="0"></line>
						<line number="117" hits="0"></line>
						<line number="118" hits="0"></line>
						<line number="120" hits="0"></line>
						<line number="121" hits="0"></line>
						<line number="122" hits="0"></line>
					</lines>
				</class>
				<class name="-" filename="github.com/Francesco99975/reviews/internal/controllers/reviews.go" line-rate="0" branch-rate="0" complexity="0">
					<methods>
						<method name="ReviewsTab" signature="" line-rate="0" branch-rate="0" complexity="0">
							<lines>
								<line number="17" hits="0"></line>
								<line number="18" hits="0"></line>
								<line number="19" hits="0"></line>
								<line number="20" hits="0"></line>
								<line number="21" hits="0"></line>
								<line number="22" hits="0"></line>
								<line number="23" hits="0"></line>
								<line number="24" hits="0"></line>
								<line number="25" hits="0"></line>
								<line number="26" hits="0"></line>
								<line number="27" hits="0"></line>
								<line number="28" hits="0"></line>
								<line number="29" hits="0"></line>
								<line number="30" hits="0"></line>
								<line number="31" hits="0"></line>
								<line number="32" hits="0"></line>
								<line number="33" hits="0"></line>
								<line number="35" hits="0"></line>
								<line number="36" hits="0"></line>
								<line number="37" hits="0"></line>
								<line number="38" hits="0"></line>
								<line number="39" hits="0"></line>
							</lines>
						</method>
						<method name="SendReview" signature="" line-rate="0" branch-rate="0" complexity="0">
							<lines>
								<line number="43" hits="0"></line>
								<line number="44" hits="0"></line>
								<line number="45" hits="0"></line>
								<line number="46" hits="0"></line>
								<line number="47" hits="0"></line>
								<line number="48" hits="0"></line>
								<line number="49" hits="0"></line>
								<line number="50" hits="0"></line>
								<line number="52" hits="0"></line>
								<line number="53" hits="0"></line>
								<line number="54" hits="0"></line>
								<line number="55" hits="0"></line>
								<line number="56" hits="0"></line>
								<line number="57" hits="0"></line>
								<line number="58" hits="0"></line>
								<line number="59" hits="0"></line>
								<line number="60" hits="0"></line>
								<line number="61" hits="0"></line>
								<line number="62" hits="0"></line>
								<line number="63" hits="0"></line>
								<line number="64" hits="0"></line>
								<line number="65" hits="0"></line>
								<line number="67" hits="0"></line>
								<line number="68" hits="0"></line>
								<line number="69" hits="0"></line>
								<line number="70" hits="0"></line>
								<line number="72" hits="0"></line>
								<line number="73" hits="0"></line>
								<line number="74" hits="0"></line>
								<line number="75" hits="0"></line>
								<line number="77" hits="0"></line>
								<line number="78" hits="0"></line>
								<line number="79" hits="0"></line>
								<line number="80" hits="0"></line>
							</lines>
						</method>
					</methods>
					<lines>
						<line number="17" hits="0"></line>
						<line number="18" hits="0"></line>
						<line number="19" hits="0"></line>
						<line number="20" hits="0"></line>
						<line number="21" hits="0"></line>
						<line number="22" hits="0"></line>
						<line number="23" hits="0"></line>
						<line number="24" hits="0"></line>
						<line number="25" hits="0"></line>
						<line number="26" hits="0"></line>
						<line number="27" hits="0"></line>
						<line number="28" hits="0"></line>
						<line number="29" hits="0"></line>
						<line number="30" hits="0"></line>
						<line number="31" hits="0"></line>
						<line number="32" hits="0"></line>
						<line number="33" hits="0"></line>
						<line number="35" hits="0"></line>
						<line number="36" hits="0"></line>
						<line number="37" hits="0"></line>
						<line number="38" hits="0"></line>
						<line number="39" hits="0"></line>
						<line number="43" hits="0"></line>
						<line number="44" hits="0"></line>
						<line number="45" hits="0"></line>
						<line number="46" hits="0"></line>
						<line number="47" hits="0"></line>
						<line number="48" hits="0"></line>
						<line number="49" hits="0"></line>
						<line number="50" hits="0"></line>
						<line number="52" hits="0"></line>
						<line number="53" hits="0"></line>
						<line number="54" hits="0"></line>
						<line number="55" hits="0"></line>
						<line number="56" hits="0"></line>
						<line number="57" hits="0"></line>
						<line number="58" hits="0"></line>
						<line number="59" hits="0"></line>
						<line number="60" hits="0"></line>
						<line number="61" hits="0"></line>
						<line number="62" hits="0"></line>
						<line number="63" hits="0"></line>
						<line number="64" hits="0"></line>
						<line number="65" hits="0"></line>
						<line number="67" hits="0"></line>
						<line number="68" hits="0"></line>
						<line number="69" hits="0"></line>
						<line number="70" hits="0"></line>
						<line number="72" hits="0"></line>
						<line number="73" hits="0"></line>
						<line number="74" hits="0"></line>
						<line number="75" hits="0"></line>
						<line number="77" hits="0"></line>
						<line number="78" hits="0"></line>
						<line number="79" hits="0"></line>
						<line number="80" hits="0"></line>
					</lines>
				</class>
			</classes>
		</package>
		<package name="github.com/Francesco99975/reviews/internal/database" line-rate="0" branch-rate="0" complexity="0">
			<classes>
				<class name="-" filename="github.com/Francesco99975/reviews/internal/database/db.go" line-rate="0" branch-rate="0" complexity="0">
					<methods>
						<method name="Setup" signature="" line-rate="0" branch-rate="0" complexity="0">
							<lines>
								<line number="16" hits="0"></line>
								<line number="17" hits="0"></line>
								<line number="18" hits="0"></line>
								<line number="19" hits="0"></line>
								<line number="20" hits="0"></line>
								<line number="21" hits="0"></line>
								<line number="23" hits="0"></line>
								<line number="24" hits="0"></line>
								<line number="25" hits="0"></line>
								<line number="26" hits="0"></line>
								<line number="28" hits="0"></line>
								<line number="29" hits="0"></line>
								<line number="30" hits="0"></line>
								<line number="31" hits="0"></line>
							</lines>
						</method>
						<method name="runMigrations" signature="" line-rate="0" branch-rate="0" complexity="0">
							<lines>
								<line number="34" hits="0"></line>
								<line number="35" hits="0"></line>
								<line number="36" hits="0"></line>
								<line number="37" hits="0"></line>
								<line number="38" hits="0"></line>
								<line number="39" hits="0"></line>
								<line number="40" hits="0"></line>
								<line number="41" hits="0"></line>
								<line number="42" hits="0"></line>
								<line number="43" hits="0"></line>
								<line number="44" hits="0"></line>
								<line number="45" hits="0"></line>
								<line number="48" hits="0"></line>
								<line number="49" hits="0"></line>
								<line number="50" hits="0"></line>
								<line number="51" hits="0"></line>
								<line number="52" hits="0"></line>
								<line number="53" hits="0"></line>
								<line number="54" hits="0"></line>
								<line number="55" hits="0"></line>
								<line number="58" hits="0"></line>
								<line number="59" hits="0"></line>
								<line number="60" hits="0"></line>
								<line number="61" hits="0"></line>
								<line number="63" hits="0"></line>
							</lines>
						</method>
						<method name="Pool" signature="" line-rate="0" branch-rate="0" complexity="0">
							<lines>
								<line number="67" hits="0"></line>
								<line number="68" hits="0"></line>
								<line number="69" hits="0"></line>
							</lines>
						</method>
						<method name="Close" signature="" line-rate="0" branch-rate="0" complexity="0">
							<lines>
								<line number="72" hits="0"></line>
								<line number="73" hits="0"></line>
								<line number="74" hits="0"></line>
								<line number="75" hits="0"></line>
							</lines>
						</method>
					</methods>
					<lines>
						<line number="16" hits="0"></line>
						<line number="17" hits="0"></line>
						<line number="18" hits="0"></line>
						<line number="19" hits="0"></line>
						<line number="20" hits="0"></line>
						<line number="21" hits="0"></line>
						<line number="23" hits="0"></line>
						<line number="24" hits="0"></line>
						<line number="25" hits="0"></line>
						<line number="26" hits="0"></line>
						<line number="28" hits="0"></line>
						<line number="29" hits="0"></line>
						<line number="30" hits="0"></line>
						<line number="31" hits="0"></line>
						<line number="34" hits="0"></line>
						<line number="35" hits="0"></line>
						<line number="36" hits="0"></line>
						<line number="37" hits="0"></line>
						<line number="38" hits="0"></line>
						<line number="39" hits="0"></line>
						<line number="40" hits="0"></line>
						<line number="41" hits="0"></line>
						<line number="42" hits="0"></line>
						<line number="43" hits="0"></line>
						<line number="44" hits="0"></line>
						<line number="45" hits="0"></line>
						<line number="48" hits="0"></line>
						<line number="49" hits="0"></line>
						<line number="50" hits="0"></line>
						<line number="51" hits="0"></line>
						<line number="52" hits="0"></line>
						<line number="53" hits="0"></line>
						<line number="54" hits="0"></line>
						<line number="55" hits="0"></line>
						<line number="58" hits="0"></line>
						<line number="59" hits="0"></line>
						<line number="60" hits="0"></line>
						<line number="61" hits="0"></line>
						<line number="63" hits="0"></line>
						<line number="67" hits="0"></line>
						<line number="68" hits="0"></line>
						<line number="69" hits="0"></line>
						<line number="72" hits="0"></line>
						<line number="73" hits="0"></line>
						<line number="74" hits="0"></line>
						<line number="75" hits="0"></line>
					</lines>
				</class>
				<class name="-" filename="github.com/Francesco99975/reviews/internal/database/utility.go" line-rate="0" branch-rate="0" complexity="0">
					<methods>
						<method name="HandleTransaction" signature="" line-rate="0" branch-rate="0" complexity="0">
							<lines>
								<line number="12" hits="0"></line>
								<line number="13" hits="0"></line>
								<line number="14" hits="0"></line>
								<line number="15" hits="0"></line>
								<line number="16" hits="0"></line>
								<line number="17" hits="0"></line>
								<line number="18" hits="0"></line>
								<line number="19" hits="0"></line>
								<line number="20" hits="0"></line>
								<line number="21" hits="0"></line>
								<line number="22" hits="0"></line>
								<line number="23" hits="0"></line>
								<line number="24" hits="0"></line>
								<line number="25" hits="0"></line>
								<line number="26" hits="0"></line>
								<line number="27" hits="0"></line>
								<line number="28" hits="0"></line>
								<line number="29" hits="0"></line>
							</lines>
						</method>
					</methods>
					<lines>
						<line number="12" hits="0"></line>
						<line number="13" hits="0"></line>
						<line number="14" hits="0"></line>
						<line number="15" hits="0"></line>
						<line number="16" hits="0"></line>
						<line number="17" hits="0"></line>
						<line number="18" hits="0"></line>
						<line number="19" hits="0"></line>
						<line number="20" hits="0"></line>
						<line number="21" hits="0"></line>
						<line number="22" hits="0"></line>
						<line number="23" hits="0"></line>
						<line number="24" hits="0"></line>
						<line number="25" hits="0"></line>
						<line number="26" hits="0"></line>
						<line number="27" hits="0"></line>
						<line number="28" hits="0"></line>
						<line number="29" hits="0"></line>
					</lines>
				</class>
			</classes>
		</package>
		<package name="github.com/Francesco99975/reviews/internal/enums" line-rate="0.8857143" branch-rate="0" complexity="0">
			<classes>
				<class name="Box" filename="github.com/Francesco99975/reviews/internal/enums/box.go" line-rate="1" branch-rate="0" complexity="0">
					<methods>
						<method name="String" signature="" line-rate="1" branch-rate="0" complexity="0">
							<lines>
								<line number="31" hits="117"></line>
								<line number="32" hits="117"></line>
								<line number="33" hits="117"></line>
							</lines>
						</method>
					</methods>
					<lines>
						<line number="31" hits="117"></line>
						<line number="32" hits="117"></line>
						<line number="33" hits="117"></line>
					</lines>
				</class>
				<class name="-" filename="github.com/Francesco99975/reviews/internal/enums/box.go" line-rate="0.8181818" branch-rate="0" complexity="0">
					<methods>
						<method name="GetBoxFromString" signature="" line-rate="0.6363636" branch-rate="0" complexity="0">
							<lines>
								<line number="35" hits="14401613"></line>
								<line number="36" hits="14401613"></line>
								<line number="37" hits="12"></line>
								<line number="38" hits="12"></line>
								<line number="39" hits="6"></line>
								<line number="40" hits="6"></line>
								<line number="41" hits="0"></line>
								<line number="42" hits="0"></line>
								<line number="43" hits="6618865"></line>
								<line number="44" hits="6618865"></line>
								<line number="45" hits="3"></line>
								<line number="46" hits="3"></line>
								<line number="47" hits="0"></line>
								<line number="48" hits="0"></line>
								<line number="49" hits="0"></line>
								<line number="50" hits="0"></line>
								<line number="51" hits="0"></line>
								<line number="52" hits="0"></line>
								<line number="53" hits="3"></line>
								<line number="54" hits="3"></line>
								<line number="55" hits="7782724"></line>
								<line number="56" hits="7782724"></line>
							</lines>
						</method>
						<method name="IsBoxValid" signature="" line-rate="1" branch-rate="0" complexity="0">
							<lines>
								<line number="60" hits="4012598"></line>
								<line number="61" hits="4012598"></line>
								<line number="62" hits="9"></line>
								<line number="63" hits="9"></line>
								<line number="64" hits="6"></line>
								<line number="65" hits="6"></line>
								<line number="66" hits="6"></line>
								<line number="67" hits="6"></line>
								<line number="68" hits="9"></line>
								<line number="69" hits="9"></line>
								<line number="70" hits="6"></line>
								<line number="71" hits="6"></line>
								<line number="72" hits="6"></line>
								<line number="73" hits="6"></line>
								<line number="74" hits="6"></line>
								<line number="75" hits="6"></line>
								<line number="76" hits="6"></line>
								<line number="77" hits="6"></line>
								<line number="78" hits="4012523"></line>
								<line number="79" hits="4012523"></line>
								<line number="80" hits="21"></line>
								<line number="81" hits="21"></line>
							</lines>
						</method>
					</methods>
					<lines>
						<line number="35" hits="14401613"></line>
						<line number="36" hits="14401613"></line>
						<line number="37" hits="12"></line>
						<line number="38" hits="12"></line>
						<line number="39" hits="6"></line>
						<line number="40" hits="6"></line>
						<line number="41" hits="0"></line>
						<line number="42" hits="0"></line>
						<line number="43" hits="6618865"></line>
						<line number="44" hits="6618865"></line>
						<line number="45" hits="3"></line>
						<line number="46" hits="3"></line>
						<line number="47" hits="0"></line>
						<line number="48" hits="0"></line>
						<line number="49" hits="0"></line>
						<line number="50" hits="0"></line>
						<line number="51" hits="0"></line>
						<line number="52" hits="0"></line>
						<line number="53" hits="3"></line>
						<line number="54" hits="3"></line>
						<line number="55" hits="7782724"></line>
						<line number="56" hits="7782724"></line>
						<line number="60" hits="4012598"></line>
						<line number="61" hits="4012598"></line>
						<line number="62" hits="9"></line>
						<line number="63" hits="9"></line>
						<line number="64" hits="6"></line>
						<line number="65" hits="6"></line>
						<line number="66" hits="6"></line>
						<line number="67" hits="6"></line>
						<line number="68" hits="9"></line>
						<line number="69" hits="9"></line>
						<line number="70" hits="6"></line>
						<line number="71" hits="6"></line>
						<line number="72" hits="6"></line>
						<line number="73" hits="6"></line>
						<line number="74" hits="6"></line>
						<line number="75" hits="6"></line>
						<line number="76" hits="6"></line>
						<line number="77" hits="6"></line>
						<line number="78" hits="4012523"></line>
						<line number="79" hits="4012523"></line>
						<line number="80" hits="21"></line>
						<line number="81" hits="21"></line>
					</lines>
				</class>
				<class name="Environment" filename="github.com/Francesco99975/reviews/internal/enums/environments.go" line-rate="1" branch-rate="0" complexity="0">
					<methods>
						<method name="String" signature="" line-rate="1" branch-rate="0" complexity="0">
							<lines>
								<line number="27" hits="114"></line>
								<line number="28" hits="114"></line>
								<line number="29" hits="114"></line>
							</lines>
						</method>
					</methods>
					<lines>
						<line number="27" hits="114"></line>
						<line number="28" hits="114"></line>
						<line number="29" hits="114"></line>
					</lines>
				</class>
				<class name="-" filename="github.com/Francesco99975/reviews/internal/enums/environments.go" line-rate="1" branch-rate="0" complexity="0">
					<methods>
						<method name="GetEnvironmentFromString" signature="" line-rate="1" branch-rate="0" complexity="0">
							<lines>
								<line number="31" hits="17394630"></line>
								<line number="32" hits="17394630"></line>
								<line number="33" hits="12"></line>
								<line number="34" hits="12"></line>
								<line number="35" hits="9"></line>
								<line number="36" hits="9"></line>
								<line number="37" hits="7927835"></line>
								<line number="38" hits="7927835"></line>
								<line number="39" hits="9466774"></line>
								<line number="40" hits="9466774"></line>
							</lines>
						</method>
						<method name="IsEnvironmentValid" signature="" line-rate="1" branch-rate="0" complexity="0">
							<lines>
								<line number="44" hits="4474212"></line>
								<line number="45" hits="4474212"></line>
								<line number="46" hits="9"></line>
								<line number="47" hits="9"></line>
								<line number="48" hits="4474155"></line>
								<line number="49" hits="4474155"></line>
								<line number="50" hits="9"></line>
								<line number="51" hits="9"></line>
								<line number="52" hits="39"></line>
								<line number="53" hits="39"></line>
							</lines>
						</method>
					</methods>
					<lines>
						<line number="31" hits="17394630"></line>
						<line number="32" hits="17394630"></line>
						<line number="33" hits="12"></line>
						<line number="34" hits="12"></line>
						<line number="35" hits="9"></line>
						<line number="36" hits="9"></line>
						<line number="37" hits="7927835"></line>
						<line number="38" hits="7927835"></line>
						<line number="39" hits="9466774"></line>
						<line number="40" hits="9466774"></line>
						<line number="44" hits="4474212"></line>
						<line number="45" hits="4474212"></line>
						<line number="46" hits="9"></line>
						<line number="47" hits="9"></line>
						<line number="48" hits="4474155"></line>
						<line number="49" hits="4474155"></line>
						<line number="50" hits="9"></line>
						<line number="51" hits="9"></line>
						<line number="52" hits="39"></line>
						<line number="53" hits="39"></line>
					</lines>
				</class>
			</classes>
		</package>
		<package name="github.com/Francesco99975/reviews/internal/helpers" line-rate="0.8016878" branch-rate="0" complexity="0">
			<classes>
				<class name="GenericError" filename="github.com/Francesco99975/reviews/internal/helpers/errors.go" line-rate="1" branch-rate="0" complexity="0">
					<methods>
						<method name="Stringify" signature="" line-rate="1" branch-rate="0" complexity="0">
							<lines>
								<line number="28" hits="280109"></line>
								<line number="29" hits="280109"></line>
								<line number="30" hits="280109"></line>
							</lines>
						</method>
					</methods>
					<lines>
						<line number="28" hits="280109"></line>
						<line number="29" hits="280109"></line>
						<line number="30" hits="280109"></line>
					</lines>
				</class>
				<class name="-" filename="github.com/Francesco99975/reviews/internal/helpers/errors.go" line-rate="0.6785714" branch-rate="0" complexity="0">
					<methods>
						<method name="SendReturnedGenericJSONError" signature="" line-rate="0.625" branch-rate="0" complexity="0">
							<lines>
								<line number="32" hits="190564"></line>
								<line number="33" hits="190564"></line>
								<line number="34" hits="190564"></line>
								<line number="35" hits="190564"></line>
								<line number="36" hits="0"></line>
								<line number="37" hits="0"></line>
								<line number="38" hits="0"></line>
								<line number="40" hits="190564"></line>
							</lines>
						</method>
						<method name="SendReturnedGenericHTMLError" signature="" line-rate="0.7" branch-rate="0" complexity="0">
							<lines>
								<line number="43" hits="303"></line>
								<line number="44" hits="303"></line>
								<line number="45" hits="303"></line>
								<line number="46" hits="303"></line>
								<line number="47" hits="0"></line>
								<line number="48" hits="0"></line>
								<line number="49" hits="0"></line>
								<line number="51" hits="303"></line>
								<line number="52" hits="303"></line>
								<line number="53" hits="303"></line>
							</lines>
						</method>
						<method name="SendReturnedHTMLErrorMessage" signature="" line-rate="0.7" branch-rate="0" complexity="0">
							<lines>
								<line number="56" hits="89239"></line>
								<line number="57" hits="89239"></line>
								<line number="58" hits="89239"></line>
								<line number="59" hits="89239"></line>
								<line number="60" hits="0"></line>
								<line number="61" hits="0"></line>
								<line number="62" hits="0"></line>
								<line number="64" hits="89239"></line>
								<line number="65" hits="89239"></line>
								<line number="66" hits="89239"></line>
							</lines>
						</method>
					</methods>
					<lines>
						<line number="32" hits="190564"></line>
						<line number="33" hits="190564"></line>
						<line number="34" hits="190564"></line>
						<line number="35" hits="190564"></line>
						<line number="36" hits="0"></line>
						<line number="37" hits="0"></line>
						<line number="38" hits="0"></line>
						<line number="40" hits="190564"></line>
						<line number="43" hits="303"></line>
						<line number="44" hits="303"></line>
						<line number="45" hits="303"></line>
						<line number="46" hits="303"></line>
						<line number="47" hits="0"></line>
						<line number="48" hits="0"></line>
						<line number="49" hits="0"></line>
						<line number="51" hits="303"></line>
						<line number="52" hits="303"></line>
						<line number="53" hits="303"></line>
						<line number="56" hits="89239"></line>
						<line number="57" hits="89239"></line>
						<line number="58" hits="89239"></line>
						<line number="59" hits="89239"></line>
						<line number="60" hits="0"></line>
						<line number="61" hits="0"></line>
						<line number="62" hits="0"></line>
						<line number="64" hits="89239"></line>
						<line number="65" hits="89239"></line>
						<line number="66" hits="89239"></line>
					</lines>
				</class>
				<class name="-" filename="github.com/Francesco99975/reviews/internal/helpers/formatting.go" line-rate="0.9512195" branch-rate="0" complexity="0">
					<methods>
						<method name="Capitalize" signature="" line-rate="1" branch-rate="0" complexity="0">
							<lines>
								<line number="15" hits="3618676"></line>
								<line number="16" hits="9"></line>
								<line number="17" hits="9"></line>
								<line number="18" hits="9"></line>
								<line number="21" hits="3618667"></line>
								<line number="22" hits="3618667"></line>
								<line number="23" hits="3618667"></line>
							</lines>
						</method>
						<method name="FormatPrice" signature="" line-rate="1" branch-rate="0" complexity="0">
							<lines>
								<line number="26" hits="21"></line>
								<line number="27" hits="21"></line>
								<line number="28" hits="21"></line>
								<line number="29" hits="3"></line>
								<line number="30" hits="3"></line>
								<line number="31" hits="3"></line>
								<line number="32" hits="18"></line>
							</lines>
						</method>
						<method name="ParseNumberString" signature="" line-rate="1" branch-rate="0" complexity="0">
							<lines>
								<line number="35" hits="3302139"></line>
								<line number="36" hits="3"></line>
								<line number="37" hits="3"></line>
								<line number="38" hits="3"></line>
								<line number="40" hits="3302136"></line>
								<line number="41" hits="3302136"></line>
								<line number="42" hits="3302136"></line>
								<line number="43" hits="3302136"></line>
								<line number="44" hits="3302136"></line>
								<line number="45" hits="3302136"></line>
								<line number="46" hits="3302136"></line>
								<line number="47" hits="3302136"></line>
								<line number="48" hits="3302136"></line>
								<line number="49" hits="3302136"></line>
								<line number="50" hits="3302136"></line>
								<line number="51" hits="3302136"></line>
								<line number="52" hits="3302121"></line>
								<line number="53" hits="3302121"></line>
								<line number="54" hits="15"></line>
								<line number="55" hits="15"></line>
								<line number="56" hits="15"></line>
								<line number="57" hits="15"></line>
								<line number="59" hits="3302136"></line>
								<line number="60" hits="6"></line>
								<line number="61" hits="6"></line>
								<line number="62" hits="6"></line>
								<line number="64" hits="3302130"></line>
								<line number="65" hits="3302130"></line>
							</lines>
						</method>
						<method name="NormalizeFloatStrToIntStr" signature="" line-rate="0.9" branch-rate="0" complexity="0">
							<lines>
								<line number="68" hits="814145"></line>
								<line number="69" hits="814145"></line>
								<line number="70" hits="814145"></line>
								<line number="71" hits="814145"></line>
								<line number="72" hits="814145"></line>
								<line number="73" hits="814145"></line>
								<line number="74" hits="814145"></line>
								<line number="75" hits="814145"></line>
								<line number="76" hits="18"></line>
								<line number="77" hits="18"></line>
								<line number="78" hits="18"></line>
								<line number="80" hits="814124"></line>
								<line number="81" hits="814124"></line>
								<line number="82" hits="814124"></line>
								<line number="83" hits="814124"></line>
								<line number="84" hits="814124"></line>
								<line number="85" hits="814124"></line>
								<line number="86" hits="814124"></line>
								<line number="87" hits="1628242"></line>
								<line number="88" hits="1628242"></line>
								<line number="89" hits="1628242"></line>
								<line number="90" hits="1628218"></line>
								<line number="92" hits="0"></line>
								<line number="93" hits="0"></line>
								<line number="94" hits="0"></line>
								<line number="95" hits="814124"></line>
								<line number="96" hits="6"></line>
								<line number="97" hits="6"></line>
								<line number="98" hits="6"></line>
								<line number="100" hits="814124"></line>
								<line number="101" hits="21"></line>
								<line number="102" hits="21"></line>
								<line number="103" hits="51"></line>
								<line number="104" hits="51"></line>
								<line number="105" hits="51"></line>
								<line number="106" hits="0"></line>
								<line number="108" hits="12"></line>
								<line number="109" hits="12"></line>
								<line number="110" hits="12"></line>
								<line number="113" hits="814145"></line>
							</lines>
						</method>
					</methods>
					<lines>
						<line number="15" hits="3618676"></line>
						<line number="16" hits="9"></line>
						<line number="17" hits="9"></line>
						<line number="18" hits="9"></line>
						<line number="21" hits="3618667"></line>
						<line number="22" hits="3618667"></line>
						<line number="23" hits="3618667"></line>
						<line number="26" hits="21"></line>
						<line number="27" hits="21"></line>
						<line number="28" hits="21"></line>
						<line number="29" hits="3"></line>
						<line number="30" hits="3"></line>
						<line number="31" hits="3"></line>
						<line number="32" hits="18"></line>
						<line number="35" hits="3302139"></line>
						<line number="36" hits="3"></line>
						<line number="37" hits="3"></line>
						<line number="38" hits="3"></line>
						<line number="40" hits="3302136"></line>
						<line number="41" hits="3302136"></line>
						<line number="42" hits="3302136"></line>
						<line number="43" hits="3302136"></line>
						<line number="44" hits="3302136"></line>
						<line number="45" hits="3302136"></line>
						<line number="46" hits="3302136"></line>
						<line number="47" hits="3302136"></line>
						<line number="48" hits="3302136"></line>
						<line number="49" hits="3302136"></line>
						<line number="50" hits="3302136"></line>
						<line number="51" hits="3302136"></line>
						<line number="52" hits="3302121"></line>
						<line number="53" hits="3302121"></line>
						<line number="54" hits="15"></line>
						<line number="55" hits="15"></line>
						<line number="56" hits="15"></line>
						<line number="57" hits="15"></line>
						<line number="59" hits="3302136"></line>
						<line number="60" hits="6"></line>
						<line number="61" hits="6"></line>
						<line number="62" hits="6"></line>
						<line number="64" hits="3302130"></line>
						<line number="65" hits="3302130"></line>
						<line number="68" hits="814145"></line>
						<line number="69" hits="814145"></line>
						<line number="70" hits="814145"></line>
						<line number="71" hits="814145"></line>
						<line number="72" hits="814145"></line>
						<line number="73" hits="814145"></line>
						<line number="74" hits="814145"></line>
						<line number="75" hits="814145"></line>
						<line number="76" hits="18"></line>
						<line number="77" hits="18"></line>
						<line number="78" hits="18"></line>
						<line number="80" hits="814124"></line>
						<line number="81" hits="814124"></line>
						<line number="82" hits="814124"></line>
						<line number="83" hits="814124"></line>
						<line number="84" hits="814124"></line>
						<line number="85" hits="814124"></line>
						<line number="86" hits="814124"></line>
						<line number="87" hits="1628242"></line>
						<line number="88" hits="1628242"></line>
						<line number="89" hits="1628242"></line>
						<line number="90" hits="1628218"></line>
						<line number="92" hits="0"></line>
						<line number="93" hits="0"></line>
						<line number="94" hits="0"></line>
						<line number="95" hits="814124"></line>
						<line number="96" hits="6"></line>
						<line number="97" hits="6"></line>
						<line number="98" hits="6"></line>
						<line number="100" hits="814124"></line>
						<line number="101" hits="21"></line>
						<line number="102" hits="21"></line>
						<line number="103" hits="51"></line>
						<line number="104" hits="51"></line>
						<line number="105" hits="51"></line>
						<line number="106" hits="0"></line>
						<line number="108" hits="12"></line>
						<line number="109" hits="12"></line>
						<line number="110" hits="12"></line>
						<line number="113" hits="814145"></line>
					</lines>
				</class>
				<class name="-" filename="github.com/Francesco99975/reviews/internal/helpers/fp.go" line-rate="1" branch-rate="0" complexity="0">
					<methods>
						<method name="MapSlice" signature="" line-rate="1" branch-rate="0" complexity="0">
							<lines>
								<line number="5" hits="1877815"></line>
								<line number="6" hits="1877815"></line>
								<line number="7" hits="1877815"></line>
								<line number="8" hits="99896698"></line>
								<line number="9" hits="99896698"></line>
								<line number="10" hits="1877815"></line>
							</lines>
						</method>
						<method name="FoldSlice" signature="" line-rate="1" branch-rate="0" complexity="0">
							<lines>
								<line number="13" hits="3027564"></line>
								<line number="14" hits="3027564"></line>
								<line number="15" hits="3027564"></line>
								<line number="16" hits="175228200"></line>
								<line number="17" hits="175228200"></line>
								<line number="18" hits="3027564"></line>
							</lines>
						</method>
						<method name="FilteredSlice" signature="" line-rate="1" branch-rate="0" complexity="0">
							<lines>
								<line number="21" hits="1358913"></line>
								<line number="22" hits="1358913"></line>
								<line number="23" hits="1358913"></line>
								<line number="24" hits="1358913"></line>
								<line number="25" hits="35593434"></line>
								<line number="26" hits="35593434"></line>
								<line number="27" hits="35593434"></line>
								<line number="30" hits="1358913"></line>
							</lines>
						</method>
						<method name="SortSlice" signature="" line-rate="1" branch-rate="0" complexity="0">
							<lines>
								<line number="33" hits="470120"></line>
								<line number="34" hits="470120"></line>
								<line number="35" hits="89976111"></line>
								<line number="36" hits="89976111"></line>
							</lines>
						</method>
					</methods>
					<lines>
						<line number="5" hits="1877815"></line>
						<line number="6" hits="1877815"></line>
						<line number="7" hits="1877815"></line>
						<line number="8" hits="99896698"></line>
						<line number="9" hits="99896698"></line>
						<line number="10" hits="1877815"></line>
						<line number="13" hits="3027564"></line>
						<line number="14" hits="3027564"></line>
						<line number="15" hits="3027564"></line>
						<line number="16" hits="175228200"></line>
						<line number="17" hits="175228200"></line>
						<line number="18" hits="3027564"></line>
						<line number="21" hits="1358913"></line>
						<line number="22" hits="1358913"></line>
						<line number="23" hits="1358913"></line>
						<line number="24" hits="1358913"></line>
						<line number="25" hits="35593434"></line>
						<line number="26" hits="35593434"></line>
						<line number="27" hits="35593434"></line>
						<line number="30" hits="1358913"></line>
						<line number="33" hits="470120"></line>
						<line number="34" hits="470120"></line>
						<line number="35" hits="89976111"></line>
						<line number="36" hits="89976111"></line>
					</lines>
				</class>
				<class name="-" filename="github.com/Francesco99975/reviews/internal/helpers/generators.go" line-rate="1" branch-rate="0" complexity="0">
					<methods>
						<method name="GenerateUniqueID" signature="" line-rate="1" branch-rate="0" complexity="0">
							<lines>
								<line number="10" hits="4312194"></line>
								<line number="11" hits="4312194"></line>
								<line number="12" hits="4312194"></line>
								<line number="13" hits="4312194"></line>
								<line number="14" hits="4312194"></line>
							</lines>
						</method>
					</methods>
					<lines>
						<line number="10" hits="4312194"></line>
						<line number="11" hits="4312194"></line>
						<line number="12" hits="4312194"></line>
						<line number="13" hits="4312194"></line>
						<line number="14" hits="4312194"></line>
					</lines>
				</class>
				<class name="-" filename="github.com/Francesco99975/reviews/internal/helpers/notify.go" line-rate="0" branch-rate="0" complexity="0">
					<methods>
						<method name="Notify" signature="" line-rate="0" branch-rate="0" complexity="0">
							<lines>
								<line number="12" hits="0"></line>
								<line number="13" hits="0"></line>
								<line number="14" hits="0"></line>
								<line number="15" hits="0"></line>
								<line number="16" hits="0"></line>
								<line number="17" hits="0"></line>
								<line number="18" hits="0"></line>
								<line number="20" hits="0"></line>
								<line number="21" hits="0"></line>
								<line number="22" hits="0"></line>
								<line number="23" hits="0"></line>
							</lines>
						</method>
					</methods>
					<lines>
						<line number="12" hits="0"></line>
						<line number="13" hits="0"></line>
						<line number="14" hits="0"></line>
						<line number="15" hits="0"></line>
						<line number="16" hits="0"></line>
						<line number="17" hits="0"></line>
						<line number="18" hits="0"></line>
						<line number="20" hits="0"></line>
						<line number="21" hits="0"></line>
						<line number="22" hits="0"></line>
						<line number="23" hits="0"></line>
					</lines>
				</class>
				<class name="-" filename="github.com/Francesco99975/reviews/internal/helpers/page.go" line-rate="1" branch-rate="0" complexity="0">
					<methods>
						<method name="RenderHTML" signature="" line-rate="1" branch-rate="0" complexity="0">
							<lines>
								<line number="10" hits="3003006"></line>
								<line number="11" hits="3003006"></line>
								<line number="12" hits="3003006"></line>
								<line number="13" hits="3003006"></line>
								<line number="14" hits="3003006"></line>
								<line number="15" hits="3"></line>
								<line number="16" hits="3"></line>
								<line number="17" hits="3"></line>
								<line number="19" hits="3003003"></line>
							</lines>
						</method>
						<method name="MustRenderHTML" signature="" line-rate="1" branch-rate="0" complexity="0">
							<lines>
								<line number="22" hits="3309637"></line>
								<line number="23" hits="3309637"></line>
								<line number="24" hits="3309637"></line>
								<line number="25" hits="3309637"></line>
								<line number="26" hits="3309637"></line>
								<line number="27" hits="3"></line>
								<line number="28" hits="3"></line>
								<line number="31" hits="3309634"></line>
							</lines>
						</method>
					</methods>
					<lines>
						<line number="10" hits="3003006"></line>
						<line number="11" hits="3003006"></line>
						<line number="12" hits="3003006"></line>
						<line number="13" hits="3003006"></line>
						<line number="14" hits="3003006"></line>
						<line number="15" hits="3"></line>
						<line number="16" hits="3"></line>
						<line number="17" hits="3"></line>
						<line number="19" hits="3003003"></line>
						<line number="22" hits="3309637"></line>
						<line number="23" hits="3309637"></line>
						<line number="24" hits="3309637"></line>
						<line number="25" hits="3309637"></line>
						<line number="26" hits="3309637"></line>
						<line number="27" hits="3"></line>
						<line number="28" hits="3"></line>
						<line number="31" hits="3309634"></line>
					</lines>
				</class>
				<class name="-" filename="github.com/Francesco99975/reviews/internal/helpers/reporter.go" line-rate="0.5714286" branch-rate="0" complexity="0">
					<methods>
						<method name="NewReporter" signature="" line-rate="0.5714286" branch-rate="0" complexity="0">
							<lines>
								<line number="41" hits="33"></line>
								<line number="42" hits="33"></line>
								<line number="43" hits="33"></line>
								<line number="44" hits="0"></line>
								<line number="45" hits="0"></line>
								<line number="46" hits="0"></line>
								<line number="48" hits="33"></line>
								<line number="49" hits="0"></line>
								<line number="50" hits="0"></line>
								<line number="51" hits="0"></line>
								<line number="53" hits="33"></line>
								<line number="54" hits="33"></line>
								<line number="55" hits="33"></line>
								<line number="56" hits="33"></line>
							</lines>
						</method>
					</methods>
					<lines>
						<line number="41" hits="33"></line>
						<line number="42" hits="33"></line>
						<line number="43" hits="33"></line>
						<line number="44" hits="0"></line>
						<line number="45" hits="0"></line>
						<line number="46" hits="0"></line>
						<line number="48" hits="33"></line>
						<line number="49" hits="0"></line>
						<line number="50" hits="0"></line>
						<line number="51" hits="0"></line>
						<line number="53" hits="33"></line>
						<line number="54" hits="33"></line>
						<line number="55" hits="33"></line>
						<line number="56" hits="33"></line>
					</lines>
				</class>
				<class name="Reporter" filename="github.com/Francesco99975/reviews/internal/helpers/reporter.go" line-rate="0.68292683" branch-rate="0" complexity="0">
					<methods>
						<method name="Report" signature="" line-rate="1" branch-rate="0" complexity="0">
							<lines>
								<line number="60" hits="510259"></line>
								<line number="61" hits="510259"></line>
								<line number="62" hits="510259"></line>
								<line number="63" hits="510259"></line>
								<line number="64" hits="510259"></line>
								<line number="65" hits="510259"></line>
								<line number="66" hits="510259"></line>
								<line number="67" hits="510259"></line>
								<line number="68" hits="3"></line>
								<line number="69" hits="3"></line>
								<line number="70" hits="3"></line>
								<line number="71" hits="510256"></line>
								<line number="72" hits="510256"></line>
							</lines>
						</method>
						<method name="Close" signature="" line-rate="0.6666667" branch-rate="0" complexity="0">
							<lines>
								<line number="76" hits="33"></line>
								<line number="77" hits="33"></line>
								<line number="78" hits="33"></line>
								<line number="79" hits="33"></line>
								<line number="80" hits="0"></line>
								<line number="81" hits="0"></line>
								<line number="82" hits="0"></line>
								<line number="83" hits="33"></line>
								<line number="84" hits="33"></line>
							</lines>
						</method>
						<method name="Cleanup" signature="" line-rate="0.47368422" branch-rate="0" complexity="0">
							<lines>
								<line number="87" hits="6"></line>
								<line number="88" hits="6"></line>
								<line number="89" hits="6"></line>
								<line number="90" hits="0"></line>
								<line number="91" hits="0"></line>
								<line number="92" hits="0"></line>
								<line number="93" hits="0"></line>
								<line number="94" hits="6"></line>
								<line number="95" hits="3"></line>
								<line number="96" hits="3"></line>
								<line number="99" hits="18"></line>
								<line number="100" hits="0"></line>
								<line number="101" hits="0"></line>
								<line number="102" hits="0"></line>
								<line number="104" hits="6"></line>
								<line number="105" hits="6"></line>
								<line number="106" hits="0"></line>
								<line number="107" hits="0"></line>
								<line number="108" hits="0"></line>
							</lines>
						</method>
					</methods>
					<lines>
						<line number="60" hits="510259"></line>
						<line number="61" hits="510259"></line>
						<line number="62" hits="510259"></line>
						<line number="63" hits="510259"></line>
						<line number="64" hits="510259"></line>
						<line number="65" hits="510259"></line>
						<line number="66" hits="510259"></line>
						<line number="67" hits="510259"></line>
						<line number="68" hits="3"></line>
						<line number="69" hits="3"></line>
						<line number="70" hits="3"></line>
						<line number="71" hits="510256"></line>
						<line number="72" hits="510256"></line>
						<line number="76" hits="33"></line>
						<line number="77" hits="33"></line>
						<line number="78" hits="33"></line>
						<line number="79" hits="33"></line>
						<line number="80" hits="0"></line>
						<line number="81" hits="0"></line>
						<line number="82" hits="0"></line>
						<line number="83" hits="33"></line>
						<line number="84" hits="33"></line>
						<line number="87" hits="6"></line>
						<line number="88" hits="6"></line>
						<line number="89" hits="6"></line>
						<line number="90" hits="0"></line>
						<line number="91" hits="0"></line>
						<line number="92" hits="0"></line>
						<line number="93" hits="0"></line>
						<line number="94" hits="6"></line>
						<line number="95" hits="3"></line>
						<line number="96" hits="3"></line>
						<line number="99" hits="18"></line>
						<line number="100" hits="0"></line>
						<line number="101" hits="0"></line>
						<line number="102" hits="0"></line>
						<line number="104" hits="6"></line>
						<line number="105" hits="6"></line>
						<line number="106" hits="0"></line>
						<line number="107" hits="0"></line>
						<line number="108" hits="0"></line>
					</lines>
				</class>
				<class name="-" filename="github.com/Francesco99975/reviews/internal/helpers/security.go" line-rate="0.6666667" branch-rate="0" complexity="0">
					<methods>
						<method name="GenerateNonce" signature="" line-rate="0.5" branch-rate="0" complexity="0">
							<lines>
								<line number="9" hits="11083827"></line>
								<line number="10" hits="11083827"></line>
								<line number="11" hits="0"></line>
								<line number="12" hits="0"></line>
								<line number="13" hits="0"></line>
								<line number="14" hits="11083827"></line>
							</lines>
						</method>
						<method name="generateNonceWithReader" signature="" line-rate="0.8333333" branch-rate="0" complexity="0">
							<lines>
								<line number="18" hits="3"></line>
								<line number="19" hits="3"></line>
								<line number="20" hits="3"></line>
								<line number="21" hits="3"></line>
								<line number="22" hits="3"></line>
								<line number="23" hits="0"></line>
							</lines>
						</method>
					</methods>
					<lines>
						<line number="9" hits="11083827"></line>
						<line number="10" hits="11083827"></line>
						<line number="11" hits="0"></line>
						<line number="12" hits="0"></line>
						<line number="13" hits="0"></line>
						<line number="14" hits="11083827"></line>
						<line number="18" hits="3"></line>
						<line number="19" hits="3"></line>
						<line number="20" hits="3"></line>
						<line number="21" hits="3"></line>
						<line number="22" hits="3"></line>
						<line number="23" hits="0"></line>
					</lines>
				</class>
			</classes>
		</package>
		<package name="github.com/Francesco99975/reviews/internal/middlewares" line-rate="0.13586956" branch-rate="0" complexity="0">
			<classes>
				<class name="-" filename="github.com/Francesco99975/reviews/internal/middlewares/limits.go" line-rate="0.3846154" branch-rate="0" complexity="0">
					<methods>
						<method name="RateLimiter" signature="" line-rate="0.3846154" branch-rate="0" complexity="0">
							<lines>
								<line number="16" hits="6"></line>
								<line number="17" hits="6"></line>
								<line number="18" hits="6"></line>
								<line number="19" hits="6"></line>
								<line number="20" hits="0"></line>
								<line number="21" hits="0"></line>
								<line number="22" hits="0"></line>
								<line number="23" hits="0"></line>
								<line number="24" hits="0"></line>
								<line number="25" hits="0"></line>
								<line number="26" hits="0"></line>
								<line number="27" hits="0"></line>
								<line number="28" hits="0"></line>
								<line number="29" hits="0"></line>
								<line number="30" hits="0"></line>
								<line number="31" hits="0"></line>
								<line number="32" hits="0"></line>
								<line number="33" hits="0"></line>
								<line number="34" hits="0"></line>
								<line number="35" hits="0"></line>
								<line number="36" hits="0"></line>
								<line number="37" hits="0"></line>
								<line number="38" hits="0"></line>
								<line number="39" hits="0"></line>
								<line number="41" hits="0"></line>
								<line number="42" hits="0"></line>
								<line number="43" hits="0"></line>
								<line number="44" hits="0"></line>
								<line number="45" hits="0"></line>
								<line number="46" hits="0"></line>
								<line number="47" hits="0"></line>
								<line number="48" hits="0"></line>
								<line number="49" hits="0"></line>
								<line number="52" hits="6"></line>
								<line number="53" hits="6"></line>
								<line number="54" hits="6"></line>
								<line number="55" hits="6"></line>
								<line number="56" hits="6"></line>
								<line number="57" hits="6"></line>
								<line number="58" hits="6"></line>
								<line number="59" hits="6"></line>
								<line number="60" hits="6"></line>
								<line number="61" hits="6"></line>
								<line number="62" hits="480"></line>
								<line number="63" hits="480"></line>
								<line number="64" hits="480"></line>
								<line number="65" hits="0"></line>
								<line number="66" hits="0"></line>
								<line number="67" hits="0"></line>
								<line number="68" hits="0"></line>
								<line number="69" hits="0"></line>
								<line number="70" hits="0"></line>
								<line number="71" hits="0"></line>
								<line number="72" hits="0"></line>
								<line number="75" hits="15"></line>
								<line number="76" hits="15"></line>
								<line number="77" hits="15"></line>
								<line number="78" hits="15"></line>
								<line number="79" hits="15"></line>
								<line number="80" hits="15"></line>
								<line number="81" hits="15"></line>
								<line number="82" hits="0"></line>
								<line number="83" hits="0"></line>
								<line number="84" hits="0"></line>
								<line number="89" hits="6"></line>
							</lines>
						</method>
					</methods>
					<lines>
						<line number="16" hits="6"></line>
						<line number="17" hits="6"></line>
						<line number="18" hits="6"></line>
						<line number="19" hits="6"></line>
						<line number="20" hits="0"></line>
						<line number="21" hits="0"></line>
						<line number="22" hits="0"></line>
						<line number="23" hits="0"></line>
						<line number="24" hits="0"></line>
						<line number="25" hits="0"></line>
						<line number="26" hits="0"></line>
						<line number="27" hits="0"></line>
						<line number="28" hits="0"></line>
						<line number="29" hits="0"></line>
						<line number="30" hits="0"></line>
						<line number="31" hits="0"></line>
						<line number="32" hits="0"></line>
						<line number="33" hits="0"></line>
						<line number="34" hits="0"></line>
						<line number="35" hits="0"></line>
						<line number="36" hits="0"></line>
						<line number="37" hits="0"></line>
						<line number="38" hits="0"></line>
						<line number="39" hits="0"></line>
						<line number="41" hits="0"></line>
						<line number="42" hits="0"></line>
						<line number="43" hits="0"></line>
						<line number="44" hits="0"></line>
						<line number="45" hits="0"></line>
						<line number="46" hits="0"></line>
						<line number="47" hits="0"></line>
						<line number="48" hits="0"></line>
						<line number="49" hits="0"></line>
						<line number="52" hits="6"></line>
						<line number="53" hits="6"></line>
						<line number="54" hits="6"></line>
						<line number="55" hits="6"></line>
						<line number="56" hits="6"></line>
						<line number="57" hits="6"></line>
						<line number="58" hits="6"></line>
						<line number="59" hits="6"></line>
						<line number="60" hits="6"></line>
						<line number="61" hits="6"></line>
						<line number="62" hits="480"></line>
						<line number="63" hits="480"></line>
						<line number="64" hits="480"></line>
						<line number="65" hits="0"></line>
						<line number="66" hits="0"></line>
						<line number="67" hits="0"></line>
						<line number="68" hits="0"></line>
						<line number="69" hits="0"></line>
						<line number="70" hits="0"></line>
						<line number="71" hits="0"></line>
						<line number="72" hits="0"></line>
						<line number="75" hits="15"></line>
						<line number="76" hits="15"></line>
						<line number="77" hits="15"></line>
						<line number="78" hits="15"></line>
						<line number="79" hits="15"></line>
						<line number="80" hits="15"></line>
						<line number="81" hits="15"></line>
						<line number="82" hits="0"></line>
						<line number="83" hits="0"></line>
						<line number="84" hits="0"></line>
						<line number="89" hits="6"></line>
					</lines>
				</class>
				<class name="-" filename="github.com/Francesco99975/reviews/internal/middlewares/monitoring.go" line-rate="0" branch-rate="0" complexity="0">
					<methods>
						<method name="MonitoringMiddleware" signature="" line-rate="0" branch-rate="0" complexity="0">
							<lines>
								<line number="19" hits="0"></line>
								<line number="20" hits="0"></line>
								<line number="21" hits="0"></line>
								<line number="22" hits="0"></line>
								<line number="23" hits="0"></line>
								<line number="24" hits="0"></line>
								<line number="25" hits="0"></line>
								<line number="26" hits="0"></line>
								<line number="27" hits="0"></line>
								<line number="28" hits="0"></line>
								<line number="29" hits="0"></line>
								<line number="30" hits="0"></line>
								<line number="31" hits="0"></line>
								<line number="32" hits="0"></line>
								<line number="33" hits="0"></line>
								<line number="34" hits="0"></line>
								<line number="35" hits="0"></line>
								<line number="36" hits="0"></line>
								<line number="39" hits="0"></line>
								<line number="40" hits="0"></line>
[...]
							</lines>
						</method>
					</methods>
					<lines>
						<line number="13" hits="0"></line>
						<line number="14" hits="0"></line>
						<line number="15" hits="0"></line>
						<line number="16" hits="0"></line>
						<line number="17" hits="0"></line>
						<line number="18" hits="0"></line>
						<line number="19" hits="0"></line>
						<line number="20" hits="0"></line>
						<line number="21" hits="0"></line>
						<line number="22" hits="0"></line>
						<line number="23" hits="0"></line>
						<line number="24" hits="0"></line>
						<line number="25" hits="0"></line>
						<line number="28" hits="0"></line>
						<line number="29" hits="0"></line>
						<line number="30" hits="0"></line>
						<line number="31" hits="0"></line>
						<line number="32" hits="0"></line>
						<line number="33" hits="0"></line>
						<line number="34" hits="0"></line>
						<line number="35" hits="0"></line>
						<line number="36" hits="0"></line>
						<line number="37" hits="0"></line>
						<line number="38" hits="0"></line>
						<line number="39" hits="0"></line>
						<line number="40" hits="0"></line>
						<line number="41" hits="0"></line>
						<line number="42" hits="0"></line>
						<line number="43" hits="0"></line>
						<line number="44" hits="0"></line>
						<line number="45" hits="0"></line>
						<line number="46" hits="0"></line>
						<line number="47" hits="0"></line>
						<line number="48" hits="0"></line>
						<line number="49" hits="0"></line>
						<line number="50" hits="0"></line>
						<line number="51" hits="0"></line>
						<line number="52" hits="0"></line>
						<line number="53" hits="0"></line>
						<line number="54" hits="0"></line>
						<line number="55" hits="0"></line>
						<line number="56" hits="0"></line>
						<line number="57" hits="0"></line>
						<line number="58" hits="0"></line>
						<line number="59" hits="0"></line>
						<line number="60" hits="0"></line>
						<line number="61" hits="0"></line>
						<line number="62" hits="0"></line>
						<line number="63" hits="0"></line>
						<line number="64" hits="0"></line>
						<line number="65" hits="0"></line>
						<line number="66" hits="0"></line>
						<line number="67" hits="0"></line>
						<line number="68" hits="0"></line>
						<line number="69" hits="0"></line>
						<line number="70" hits="0"></line>
						<line number="71" hits="0"></line>
						<line number="72" hits="0"></line>
						<line number="73" hits="0"></line>
						<line number="74" hits="0"></line>
						<line number="75" hits="0"></line>
						<line number="76" hits="0"></line>
						<line number="77" hits="0"></line>
						<line number="78" hits="0"></line>
						<line number="79" hits="0"></line>
						<line number="80" hits="0"></line>
						<line number="81" hits="0"></line>
						<line number="82" hits="0"></line>
						<line number="83" hits="0"></line>
						<line number="84" hits="0"></line>
						<line number="85" hits="0"></line>
						<line number="86" hits="0"></line>
						<line number="87" hits="0"></line>
						<line number="88" hits="0"></line>
						<line number="89" hits="0"></line>
						<line number="90" hits="0"></line>
						<line number="91" hits="0"></line>
						<line number="92" hits="0"></line>
						<line number="93" hits="0"></line>
						<line number="94" hits="0"></line>
						<line number="95" hits="0"></line>
						<line number="96" hits="0"></line>
						<line number="97" hits="0"></line>
						<line number="98" hits="0"></line>
						<line number="99" hits="0"></line>
						<line number="100" hits="0"></line>
						<line number="101" hits="0"></line>
						<line number="102" hits="0"></line>
						<line number="103" hits="0"></line>
						<line number="104" hits="0"></line>
						<line number="105" hits="0"></line>
						<line number="106" hits="0"></line>
						<line number="107" hits="0"></line>
						<line number="109" hits="0"></line>
						<line number="110" hits="0"></line>
						<line number="111" hits="0"></line>
						<line number="112" hits="0"></line>
						<line number="113" hits="0"></line>
						<line number="117" hits="0"></line>
						<line number="118" hits="0"></line>
						<line number="119" hits="0"></line>
						<line number="120" hits="0"></line>
						<line number="121" hits="0"></line>
						<line number="122" hits="0"></line>
						<line number="123" hits="0"></line>
						<line number="124" hits="0"></line>
						<line number="125" hits="0"></line>
						<line number="126" hits="0"></line>
						<line number="127" hits="0"></line>
						<line number="128" hits="0"></line>
						<line number="129" hits="0"></line>
						<line number="132" hits="0"></line>
						<line number="133" hits="0"></line>
						<line number="134" hits="0"></line>
						<line number="135" hits="0"></line>
						<line number="136" hits="0"></line>
						<line number="137" hits="0"></line>
						<line number="138" hits="0"></line>
						<line number="139" hits="0"></line>
						<line number="140" hits="0"></line>
						<line number="141" hits="0"></line>
						<line number="142" hits="0"></line>
						<line number="143" hits="0"></line>
						<line number="144" hits="0"></line>
						<line number="145" hits="0"></line>
						<line number="146" hits="0"></line>
						<line number="147" hits="0"></line>
						<line number="148" hits="0"></line>
						<line number="149" hits="0"></line>
						<line number="150" hits="0"></line>
						<line number="151" hits="0"></line>
						<line number="152" hits="0"></line>
						<line number="153" hits="0"></line>
						<line number="154" hits="0"></line>
						<line number="155" hits="0"></line>
						<line number="156" hits="0"></line>
						<line number="157" hits="0"></line>
						<line number="158" hits="0"></line>
						<line number="159" hits="0"></line>
						<line number="160" hits="0"></line>
						<line number="161" hits="0"></line>
						<line number="162" hits="0"></line>
						<line number="163" hits="0"></line>
						<line number="164" hits="0"></line>
						<line number="165" hits="0"></line>
						<line number="166" hits="0"></line>
						<line number="167" hits="0"></line>
						<line number="168" hits="0"></line>
						<line number="169" hits="0"></line>
						<line number="170" hits="0"></line>
						<line number="171" hits="0"></line>
						<line number="172" hits="0"></line>
						<line number="174" hits="0"></line>
						<line number="175" hits="0"></line>
						<line number="176" hits="0"></line>
						<line number="177" hits="0"></line>
						<line number="178" hits="0"></line>
						<line number="179" hits="0"></line>
						<line number="180" hits="0"></line>
						<line number="181" hits="0"></line>
						<line number="182" hits="0"></line>
						<line number="183" hits="0"></line>
						<line number="184" hits="0"></line>
						<line number="185" hits="0"></line>
						<line number="186" hits="0"></line>
						<line number="187" hits="0"></line>
						<line number="188" hits="0"></line>
						<line number="189" hits="0"></line>
						<line number="190" hits="0"></line>
						<line number="191" hits="0"></line>
						<line number="192" hits="0"></line>
						<line number="193" hits="0"></line>
						<line number="194" hits="0"></line>
						<line number="195" hits="0"></line>
						<line number="196" hits="0"></line>
						<line number="197" hits="0"></line>
						<line number="198" hits="0"></line>
						<line number="199" hits="0"></line>
						<line number="200" hits="0"></line>
						<line number="201" hits="0"></line>
						<line number="202" hits="0"></line>
						<line number="203" hits="0"></line>
						<line number="204" hits="0"></line>
						<line number="208" hits="0"></line>
						<line number="209" hits="0"></line>
						<line number="210" hits="0"></line>
						<line number="211" hits="0"></line>
						<line number="212" hits="0"></line>
						<line number="213" hits="0"></line>
						<line number="214" hits="0"></line>
						<line number="215" hits="0"></line>
						<line number="216" hits="0"></line>
						<line number="217" hits="0"></line>
						<line number="218" hits="0"></line>
						<line number="219" hits="0"></line>
						<line number="220" hits="0"></line>
						<line number="223" hits="0"></line>
						<line number="224" hits="0"></line>
						<line number="225" hits="0"></line>
						<line number="226" hits="0"></line>
						<line number="227" hits="0"></line>
						<line number="228" hits="0"></line>
						<line number="229" hits="0"></line>
						<line number="230" hits="0"></line>
						<line number="231" hits="0"></line>
						<line number="232" hits="0"></line>
						<line number="233" hits="0"></line>
						<line number="234" hits="0"></line>
						<line number="235" hits="0"></line>
						<line number="236" hits="0"></line>
						<line number="237" hits="0"></line>
						<line number="238" hits="0"></line>
						<line number="239" hits="0"></line>
						<line number="240" hits="0"></line>
						<line number="241" hits="0"></line>
						<line number="242" hits="0"></line>
						<line number="243" hits="0"></line>
						<line number="244" hits="0"></line>
						<line number="245" hits="0"></line>
						<line number="246" hits="0"></line>
						<line number="247" hits="0"></line>
						<line number="248" hits="0"></line>
						<line number="249" hits="0"></line>
						<line number="250" hits="0"></line>
						<line number="251" hits="0"></line>
						<line number="252" hits="0"></line>
						<line number="253" hits="0"></line>
						<line number="254" hits="0"></line>
						<line number="255" hits="0"></line>
						<line number="256" hits="0"></line>
						<line number="257" hits="0"></line>
						<line number="258" hits="0"></line>
						<line number="259" hits="0"></line>
						<line number="260" hits="0"></line>
						<line number="261" hits="0"></line>
						<line number="262" hits="0"></line>
						<line number="263" hits="0"></line>
						<line number="264" hits="0"></line>
						<line number="265" hits="0"></line>
						<line number="266" hits="0"></line>
						<line number="267" hits="0"></line>
						<line number="268" hits="0"></line>
						<line number="269" hits="0"></line>
						<line number="270" hits="0"></line>
						<line number="271" hits="0"></line>
						<line number="272" hits="0"></line>
						<line number="273" hits="0"></line>
						<line number="274" hits="0"></line>
						<line number="275" hits="0"></line>
						<line number="276" hits="0"></line>
						<line number="278" hits="0"></line>
						<line number="279" hits="0"></line>
						<line number="280" hits="0"></line>
						<line number="281" hits="0"></line>
						<line number="282" hits="0"></line>
						<line number="283" hits="0"></line>
						<line number="284" hits="0"></line>
						<line number="285" hits="0"></line>
						<line number="286" hits="0"></line>
						<line number="287" hits="0"></line>
						<line number="288" hits="0"></line>
						<line number="289" hits="0"></line>
						<line number="290" hits="0"></line>
						<line number="291" hits="0"></line>
						<line number="292" hits="0"></line>
						<line number="293" hits="0"></line>
						<line number="294" hits="0"></line>
						<line number="295" hits="0"></line>
						<line number="296" hits="0"></line>
						<line number="297" hits="0"></line>
						<line number="298" hits="0"></line>
						<line number="299" hits="0"></line>
						<line number="300" hits="0"></line>
						<line number="301" hits="0"></line>
						<line number="302" hits="0"></line>
						<line number="303" hits="0"></line>
						<line number="304" hits="0"></line>
						<line number="305" hits="0"></line>
						<line number="306" hits="0"></line>
						<line number="307" hits="0"></line>
						<line number="308" hits="0"></line>
						<line number="312" hits="0"></line>
						<line number="313" hits="0"></line>
						<line number="314" hits="0"></line>
						<line number="315" hits="0"></line>
						<line number="316" hits="0"></line>
						<line number="317" hits="0"></line>
						<line number="318" hits="0"></line>
						<line number="319" hits="0"></line>
						<line number="320" hits="0"></line>
						<line number="321" hits="0"></line>
						<line number="322" hits="0"></line>
						<line number="323" hits="0"></line>
						<line number="324" hits="0"></line>
						<line number="327" hits="0"></line>
						<line number="328" hits="0"></line>
						<line number="329" hits="0"></line>
						<line number="330" hits="0"></line>
						<line number="331" hits="0"></line>
						<line number="332" hits="0"></line>
						<line number="333" hits="0"></line>
						<line number="334" hits="0"></line>
						<line number="335" hits="0"></line>
						<line number="336" hits="0"></line>
						<line number="337" hits="0"></line>
						<line number="338" hits="0"></line>
						<line number="339" hits="0"></line>
						<line number="340" hits="0"></line>
						<line number="341" hits="0"></line>
						<line number="342" hits="0"></line>
						<line number="343" hits="0"></line>
						<line number="344" hits="0"></line>
						<line number="345" hits="0"></line>
						<line number="346" hits="0"></line>
						<line number="347" hits="0"></line>
						<line number="348" hits="0"></line>
						<line number="349" hits="0"></line>
						<line number="350" hits="0"></line>
						<line number="351" hits="0"></line>
						<line number="352" hits="0"></line>
						<line number="353" hits="0"></line>
						<line number="354" hits="0"></line>
						<line number="355" hits="0"></line>
						<line number="356" hits="0"></line>
						<line number="357" hits="0"></line>
						<line number="358" hits="0"></line>
						<line number="359" hits="0"></line>
						<line number="360" hits="0"></line>
						<line number="361" hits="0"></line>
						<line number="362" hits="0"></line>
						<line number="366" hits="0"></line>
						<line number="367" hits="0"></line>
						<line number="368" hits="0"></line>
						<line number="369" hits="0"></line>
						<line number="370" hits="0"></line>
						<line number="371" hits="0"></line>
						<line number="372" hits="0"></line>
						<line number="373" hits="0"></line>
						<line number="374" hits="0"></line>
						<line number="375" hits="0"></line>
						<line number="376" hits="0"></line>
						<line number="377" hits="0"></line>
						<line number="378" hits="0"></line>
						<line number="381" hits="0"></line>
						<line number="382" hits="0"></line>
						<line number="383" hits="0"></line>
						<line number="384" hits="0"></line>
						<line number="385" hits="0"></line>
						<line number="386" hits="0"></line>
						<line number="387" hits="0"></line>
						<line number="388" hits="0"></line>
						<line number="389" hits="0"></line>
						<line number="390" hits="0"></line>
						<line number="391" hits="0"></line>
						<line number="392" hits="0"></line>
						<line number="393" hits="0"></line>
						<line number="394" hits="0"></line>
						<line number="395" hits="0"></line>
						<line number="396" hits="0"></line>
						<line number="397" hits="0"></line>
						<line number="398" hits="0"></line>
						<line number="399" hits="0"></line>
						<line number="400" hits="0"></line>
						<line number="401" hits="0"></line>
						<line number="402" hits="0"></line>
						<line number="403" hits="0"></line>
						<line number="404" hits="0"></line>
						<line number="405" hits="0"></line>
						<line number="406" hits="0"></line>
						<line number="407" hits="0"></line>
						<line number="408" hits="0"></line>
						<line number="409" hits="0"></line>
						<line number="410" hits="0"></line>
						<line number="411" hits="0"></line>
						<line number="412" hits="0"></line>
						<line number="413" hits="0"></line>
						<line number="414" hits="0"></line>
						<line number="415" hits="0"></line>
						<line number="416" hits="0"></line>
						<line number="420" hits="0"></line>
						<line number="421" hits="0"></line>
						<line number="422" hits="0"></line>
						<line number="423" hits="0"></line>
						<line number="424" hits="0"></line>
						<line number="425" hits="0"></line>
						<line number="426" hits="0"></line>
						<line number="427" hits="0"></line>
						<line number="428" hits="0"></line>
						<line number="429" hits="0"></line>
						<line number="430" hits="0"></line>
						<line number="431" hits="0"></line>
						<line number="432" hits="0"></line>
						<line number="435" hits="0"></line>
						<line number="436" hits="0"></line>
						<line number="437" hits="0"></line>
						<line number="438" hits="0"></line>
						<line number="439" hits="0"></line>
						<line number="440" hits="0"></line>
						<line number="441" hits="0"></line>
						<line number="442" hits="0"></line>
						<line number="443" hits="0"></line>
						<line number="444" hits="0"></line>
						<line number="445" hits="0"></line>
						<line number="446" hits="0"></line>
						<line number="447" hits="0"></line>
						<line number="448" hits="0"></line>
						<line number="449" hits="0"></line>
						<line number="450" hits="0"></line>
						<line number="451" hits="0"></line>
						<line number="452" hits="0"></line>
						<line number="453" hits="0"></line>
						<line number="454" hits="0"></line>
						<line number="455" hits="0"></line>
						<line number="456" hits="0"></line>
						<line number="457" hits="0"></line>
						<line number="458" hits="0"></line>
						<line number="459" hits="0"></line>
						<line number="460" hits="0"></line>
						<line number="461" hits="0"></line>
						<line number="462" hits="0"></line>
						<line number="463" hits="0"></line>
						<line number="464" hits="0"></line>
						<line number="465" hits="0"></line>
						<line number="466" hits="0"></line>
						<line number="467" hits="0"></line>
						<line number="468" hits="0"></line>
						<line number="469" hits="0"></line>
						<line number="470" hits="0"></line>
						<line number="474" hits="0"></line>
						<line number="475" hits="0"></line>
						<line number="476" hits="0"></line>
						<line number="477" hits="0"></line>
						<line number="478" hits="0"></line>
						<line number="479" hits="0"></line>
						<line number="480" hits="0"></line>
						<line number="481" hits="0"></line>
						<line number="482" hits="0"></line>
						<line number="483" hits="0"></line>
						<line number="484" hits="0"></line>
						<line number="485" hits="0"></line>
						<line number="486" hits="0"></line>
						<line number="489" hits="0"></line>
						<line number="490" hits="0"></line>
						<line number="491" hits="0"></line>
						<line number="492" hits="0"></line>
						<line number="493" hits="0"></line>
						<line number="494" hits="0"></line>
						<line number="495" hits="0"></line>
						<line number="496" hits="0"></line>
						<line number="497" hits="0"></line>
						<line number="498" hits="0"></line>
						<line number="499" hits="0"></line>
						<line number="500" hits="0"></line>
						<line number="501" hits="0"></line>
						<line number="502" hits="0"></line>
						<line number="503" hits="0"></line>
						<line number="504" hits="0"></line>
						<line number="505" hits="0"></line>
						<line number="506" hits="0"></line>
						<line number="507" hits="0"></line>
						<line number="508" hits="0"></line>
						<line number="509" hits="0"></line>
						<line number="510" hits="0"></line>
						<line number="511" hits="0"></line>
						<line number="512" hits="0"></line>
						<line number="513" hits="0"></line>
						<line number="514" hits="0"></line>
						<line number="515" hits="0"></line>
						<line number="516" hits="0"></line>
						<line number="518" hits="0"></line>
						<line number="519" hits="0"></line>
						<line number="520" hits="0"></line>
						<line number="521" hits="0"></line>
						<line number="522" hits="0"></line>
					</lines>
				</class>
			</classes>
		</package>
	</packages>
</coverage>
